SF:https://raw.githubusercontent.com/victorS7P/tech-challenge-1/c659c2071b2c52420266ef1b2e1ec458b1ff9a3d/src/Api/Extensions/ServiceCollectionExtensions.cs
FN:32,Microsoft.Extensions.DependencyInjection.IServiceCollection Api.Extensions.ServiceCollectionExtensions::AddApiServices(Microsoft.Extensions.DependencyInjection.IServiceCollection,Microsoft.Extensions.Configuration.IConfiguration)
FNDA:0,Microsoft.Extensions.DependencyInjection.IServiceCollection Api.Extensions.ServiceCollectionExtensions::AddApiServices(Microsoft.Extensions.DependencyInjection.IServiceCollection,Microsoft.Extensions.Configuration.IConfiguration)
DA:33,0
DA:34,0
DA:35,0
DA:37,0
DA:38,0
DA:39,0
DA:40,0
DA:41,0
DA:42,0
DA:44,0
DA:45,0
DA:46,0
DA:47,0
DA:49,0
DA:50,0
FN:52,Microsoft.Extensions.DependencyInjection.IServiceCollection Api.Extensions.ServiceCollectionExtensions::AddCoreServices(Microsoft.Extensions.DependencyInjection.IServiceCollection)
FNDA:0,Microsoft.Extensions.DependencyInjection.IServiceCollection Api.Extensions.ServiceCollectionExtensions::AddCoreServices(Microsoft.Extensions.DependencyInjection.IServiceCollection)
DA:53,0
DA:54,0
DA:55,0
DA:56,0
DA:57,0
FN:59,Microsoft.Extensions.DependencyInjection.IServiceCollection Api.Extensions.ServiceCollectionExtensions::AddUsuarioServices(Microsoft.Extensions.DependencyInjection.IServiceCollection)
FNDA:0,Microsoft.Extensions.DependencyInjection.IServiceCollection Api.Extensions.ServiceCollectionExtensions::AddUsuarioServices(Microsoft.Extensions.DependencyInjection.IServiceCollection)
DA:60,0
DA:61,0
DA:62,0
DA:63,0
DA:64,0
FN:66,Microsoft.Extensions.DependencyInjection.IServiceCollection Api.Extensions.ServiceCollectionExtensions::AddClienteServices(Microsoft.Extensions.DependencyInjection.IServiceCollection)
FNDA:0,Microsoft.Extensions.DependencyInjection.IServiceCollection Api.Extensions.ServiceCollectionExtensions::AddClienteServices(Microsoft.Extensions.DependencyInjection.IServiceCollection)
DA:67,0
DA:68,0
DA:69,0
DA:70,0
DA:71,0
DA:72,0
FN:74,Microsoft.Extensions.DependencyInjection.IServiceCollection Api.Extensions.ServiceCollectionExtensions::AddVeiculoServices(Microsoft.Extensions.DependencyInjection.IServiceCollection)
FNDA:0,Microsoft.Extensions.DependencyInjection.IServiceCollection Api.Extensions.ServiceCollectionExtensions::AddVeiculoServices(Microsoft.Extensions.DependencyInjection.IServiceCollection)
DA:75,0
DA:76,0
DA:77,0
DA:78,0
DA:79,0
DA:80,0
FN:82,Microsoft.Extensions.DependencyInjection.IServiceCollection Api.Extensions.ServiceCollectionExtensions::AddServicoServices(Microsoft.Extensions.DependencyInjection.IServiceCollection)
FNDA:0,Microsoft.Extensions.DependencyInjection.IServiceCollection Api.Extensions.ServiceCollectionExtensions::AddServicoServices(Microsoft.Extensions.DependencyInjection.IServiceCollection)
DA:83,0
DA:84,0
DA:85,0
DA:86,0
DA:87,0
DA:88,0
FN:90,Microsoft.Extensions.DependencyInjection.IServiceCollection Api.Extensions.ServiceCollectionExtensions::AddItemEstoqueServices(Microsoft.Extensions.DependencyInjection.IServiceCollection)
FNDA:0,Microsoft.Extensions.DependencyInjection.IServiceCollection Api.Extensions.ServiceCollectionExtensions::AddItemEstoqueServices(Microsoft.Extensions.DependencyInjection.IServiceCollection)
DA:91,0
DA:92,0
DA:93,0
DA:94,0
DA:95,0
DA:96,0
FN:98,Microsoft.Extensions.DependencyInjection.IServiceCollection Api.Extensions.ServiceCollectionExtensions::AddJwtAuthentication(Microsoft.Extensions.DependencyInjection.IServiceCollection,Microsoft.Extensions.Configuration.IConfiguration)
FNDA:0,Microsoft.Extensions.DependencyInjection.IServiceCollection Api.Extensions.ServiceCollectionExtensions::AddJwtAuthentication(Microsoft.Extensions.DependencyInjection.IServiceCollection,Microsoft.Extensions.Configuration.IConfiguration)
DA:99,0
DA:100,0
DA:101,0
DA:102,0
DA:104,0
DA:105,0
DA:106,0
DA:107,0
DA:108,0
DA:109,0
DA:110,0
DA:111,0
DA:112,0
DA:113,0
DA:114,0
DA:115,0
DA:116,0
DA:118,0
DA:119,0
BRDA:100,20,0,0
BRDA:100,20,1,0
BRDA:101,46,0,0
BRDA:101,46,1,0
BRDA:102,72,0,0
BRDA:102,72,1,0
LF:68
LH:0
BRF:6
BRH:0
FNF:8
FNH:0
end_of_record
SF:https://raw.githubusercontent.com/victorS7P/tech-challenge-1/c659c2071b2c52420266ef1b2e1ec458b1ff9a3d/src/Api/Extensions/WebApplicationExtensions.cs
FN:5,Microsoft.AspNetCore.Builder.WebApplication Api.Extensions.WebApplicationExtensions::UseApiConfiguration(Microsoft.AspNetCore.Builder.WebApplication)
FNDA:0,Microsoft.AspNetCore.Builder.WebApplication Api.Extensions.WebApplicationExtensions::UseApiConfiguration(Microsoft.AspNetCore.Builder.WebApplication)
DA:6,0
DA:7,0
DA:8,0
DA:9,0
DA:10,0
DA:11,0
LF:6
LH:0
BRF:0
BRH:0
FNF:1
FNH:0
end_of_record
SF:https://raw.githubusercontent.com/victorS7P/tech-challenge-1/c659c2071b2c52420266ef1b2e1ec458b1ff9a3d/src/Api/Controllers/Veiculo/VeiculoController.cs
FN:14,System.Void Api.Controllers.Veiculo.VeiculoController::.ctor(MediatR.IMediator,Api.Contracts.Validation.IValidator`1<Api.Controllers.Veiculo.CreateVeiculo.CreateVeiculoRequest>,Api.Contracts.Validation.IValidator`1<Api.Controllers.Veiculo.UpdateVeiculo.UpdateVeiculoRequest>)
FNDA:9,System.Void Api.Controllers.Veiculo.VeiculoController::.ctor(MediatR.IMediator,Api.Contracts.Validation.IValidator`1<Api.Controllers.Veiculo.CreateVeiculo.CreateVeiculoRequest>,Api.Contracts.Validation.IValidator`1<Api.Controllers.Veiculo.UpdateVeiculo.UpdateVeiculoRequest>)
DA:15,9
DA:16,9
DA:17,9
DA:18,9
LF:4
LH:4
BRF:0
BRH:0
FNF:1
FNH:1
end_of_record
SF:https://raw.githubusercontent.com/victorS7P/tech-challenge-1/c659c2071b2c52420266ef1b2e1ec458b1ff9a3d/src/Api/Controllers/Veiculo/UpdateVeiculo/UpdateVeiculoRequestValidator.cs
FN:10,Api.Contracts.Validation.ValidationResult Api.Controllers.Veiculo.UpdateVeiculo.UpdateVeiculoRequestValidator::Validate(Api.Controllers.Veiculo.UpdateVeiculo.UpdateVeiculoRequest)
FNDA:4,Api.Contracts.Validation.ValidationResult Api.Controllers.Veiculo.UpdateVeiculo.UpdateVeiculoRequestValidator::Validate(Api.Controllers.Veiculo.UpdateVeiculo.UpdateVeiculoRequest)
DA:11,4
DA:12,4
DA:14,4
DA:15,0
DA:16,0
DA:17,0
DA:18,4
DA:19,0
DA:20,0
DA:21,0
DA:23,4
DA:24,1
DA:25,1
DA:26,1
DA:28,4
DA:29,1
DA:30,1
DA:31,1
DA:33,4
DA:34,1
DA:35,1
DA:36,1
DA:38,4
DA:39,4
BRDA:14,20,0,0
BRDA:14,20,1,4
BRDA:18,64,0,0
BRDA:18,64,1,4
BRDA:23,99,0,1
BRDA:23,99,1,4
BRDA:28,135,0,1
BRDA:28,135,1,4
BRDA:33,171,0,1
BRDA:33,171,1,4
FN:7,System.Void Api.Controllers.Veiculo.UpdateVeiculo.UpdateVeiculoRequestValidator::.cctor()
FNDA:1,System.Void Api.Controllers.Veiculo.UpdateVeiculo.UpdateVeiculoRequestValidator::.cctor()
DA:8,1
LF:25
LH:19
BRF:10
BRH:8
FNF:2
FNH:2
end_of_record
SF:https://raw.githubusercontent.com/victorS7P/tech-challenge-1/c659c2071b2c52420266ef1b2e1ec458b1ff9a3d/src/Api/Controllers/Veiculo/CreateVeiculo/CreateVeiculoRequestValidator.cs
FN:10,Api.Contracts.Validation.ValidationResult Api.Controllers.Veiculo.CreateVeiculo.CreateVeiculoRequestValidator::Validate(Api.Controllers.Veiculo.CreateVeiculo.CreateVeiculoRequest)
FNDA:4,Api.Contracts.Validation.ValidationResult Api.Controllers.Veiculo.CreateVeiculo.CreateVeiculoRequestValidator::Validate(Api.Controllers.Veiculo.CreateVeiculo.CreateVeiculoRequest)
DA:11,4
DA:12,4
DA:14,4
DA:15,1
DA:16,1
DA:17,1
DA:18,3
DA:19,1
DA:20,1
DA:21,1
DA:23,4
DA:24,1
DA:25,1
DA:26,1
DA:28,4
DA:29,0
DA:30,0
DA:31,0
DA:33,4
DA:34,0
DA:35,0
DA:36,0
DA:38,4
DA:39,4
BRDA:14,20,0,1
BRDA:14,20,1,3
BRDA:18,64,0,1
BRDA:18,64,1,4
BRDA:23,99,0,1
BRDA:23,99,1,4
BRDA:28,135,0,0
BRDA:28,135,1,4
BRDA:33,171,0,0
BRDA:33,171,1,4
FN:7,System.Void Api.Controllers.Veiculo.CreateVeiculo.CreateVeiculoRequestValidator::.cctor()
FNDA:1,System.Void Api.Controllers.Veiculo.CreateVeiculo.CreateVeiculoRequestValidator::.cctor()
DA:8,1
LF:25
LH:19
BRF:10
BRH:8
FNF:2
FNH:2
end_of_record
SF:https://raw.githubusercontent.com/victorS7P/tech-challenge-1/c659c2071b2c52420266ef1b2e1ec458b1ff9a3d/src/Api/Controllers/Servico/ServicoController.cs
FN:14,System.Void Api.Controllers.Servico.ServicoController::.ctor(MediatR.IMediator,Api.Contracts.Validation.IValidator`1<Api.Controllers.Servico.CreateServico.CreateServicoRequest>,Api.Contracts.Validation.IValidator`1<Api.Controllers.Servico.UpdateServico.UpdateServicoRequest>)
FNDA:8,System.Void Api.Controllers.Servico.ServicoController::.ctor(MediatR.IMediator,Api.Contracts.Validation.IValidator`1<Api.Controllers.Servico.CreateServico.CreateServicoRequest>,Api.Contracts.Validation.IValidator`1<Api.Controllers.Servico.UpdateServico.UpdateServicoRequest>)
DA:15,8
DA:16,8
DA:17,8
DA:18,8
LF:4
LH:4
BRF:0
BRH:0
FNF:1
FNH:1
end_of_record
SF:https://raw.githubusercontent.com/victorS7P/tech-challenge-1/c659c2071b2c52420266ef1b2e1ec458b1ff9a3d/src/Api/Controllers/Servico/UpdateServico/UpdateServicoRequestValidator.cs
FN:10,Api.Contracts.Validation.ValidationResult Api.Controllers.Servico.UpdateServico.UpdateServicoRequestValidator::Validate(Api.Controllers.Servico.UpdateServico.UpdateServicoRequest)
FNDA:3,Api.Contracts.Validation.ValidationResult Api.Controllers.Servico.UpdateServico.UpdateServicoRequestValidator::Validate(Api.Controllers.Servico.UpdateServico.UpdateServicoRequest)
DA:11,3
DA:12,3
DA:14,3
DA:15,0
DA:16,0
DA:17,0
DA:18,3
DA:19,1
DA:20,1
DA:21,1
DA:23,3
DA:24,0
DA:25,0
DA:26,0
DA:28,3
DA:29,1
DA:30,1
DA:31,1
DA:33,3
DA:34,3
BRDA:14,20,0,0
BRDA:14,20,1,3
BRDA:18,64,0,1
BRDA:18,64,1,3
BRDA:23,98,0,0
BRDA:23,98,1,3
BRDA:28,139,0,1
BRDA:28,139,1,3
FN:7,System.Void Api.Controllers.Servico.UpdateServico.UpdateServicoRequestValidator::.cctor()
FNDA:1,System.Void Api.Controllers.Servico.UpdateServico.UpdateServicoRequestValidator::.cctor()
DA:8,1
LF:21
LH:15
BRF:8
BRH:6
FNF:2
FNH:2
end_of_record
SF:https://raw.githubusercontent.com/victorS7P/tech-challenge-1/c659c2071b2c52420266ef1b2e1ec458b1ff9a3d/src/Api/Controllers/Servico/CreateServico/CreateServicoRequestValidator.cs
FN:10,Api.Contracts.Validation.ValidationResult Api.Controllers.Servico.CreateServico.CreateServicoRequestValidator::Validate(Api.Controllers.Servico.CreateServico.CreateServicoRequest)
FNDA:5,Api.Contracts.Validation.ValidationResult Api.Controllers.Servico.CreateServico.CreateServicoRequestValidator::Validate(Api.Controllers.Servico.CreateServico.CreateServicoRequest)
DA:11,5
DA:12,5
DA:14,5
DA:15,1
DA:16,1
DA:17,1
DA:18,4
DA:19,1
DA:20,1
DA:21,1
DA:23,5
DA:24,1
DA:25,1
DA:26,1
DA:28,5
DA:29,1
DA:30,1
DA:31,1
DA:33,5
DA:34,5
BRDA:14,20,0,1
BRDA:14,20,1,4
BRDA:18,64,0,1
BRDA:18,64,1,5
BRDA:23,98,0,1
BRDA:23,98,1,5
BRDA:28,139,0,1
BRDA:28,139,1,5
FN:7,System.Void Api.Controllers.Servico.CreateServico.CreateServicoRequestValidator::.cctor()
FNDA:1,System.Void Api.Controllers.Servico.CreateServico.CreateServicoRequestValidator::.cctor()
DA:8,1
LF:21
LH:21
BRF:8
BRH:8
FNF:2
FNH:2
end_of_record
SF:https://raw.githubusercontent.com/victorS7P/tech-challenge-1/c659c2071b2c52420266ef1b2e1ec458b1ff9a3d/src/Api/Controllers/ItemEstoque/ItemEstoqueController.cs
FN:14,System.Void Api.Controllers.ItemEstoque.ItemEstoqueController::.ctor(MediatR.IMediator,Api.Contracts.Validation.IValidator`1<Api.Controllers.ItemEstoque.CreateItemEstoque.CreateItemEstoqueRequest>,Api.Contracts.Validation.IValidator`1<Api.Controllers.ItemEstoque.UpdateItemEstoque.UpdateItemEstoqueRequest>)
FNDA:2,System.Void Api.Controllers.ItemEstoque.ItemEstoqueController::.ctor(MediatR.IMediator,Api.Contracts.Validation.IValidator`1<Api.Controllers.ItemEstoque.CreateItemEstoque.CreateItemEstoqueRequest>,Api.Contracts.Validation.IValidator`1<Api.Controllers.ItemEstoque.UpdateItemEstoque.UpdateItemEstoqueRequest>)
DA:15,2
DA:16,2
DA:17,2
DA:18,2
LF:4
LH:4
BRF:0
BRH:0
FNF:1
FNH:1
end_of_record
SF:https://raw.githubusercontent.com/victorS7P/tech-challenge-1/c659c2071b2c52420266ef1b2e1ec458b1ff9a3d/src/Api/Controllers/ItemEstoque/UpdateItemEstoque/UpdateItemEstoqueRequestValidator.cs
FN:8,Api.Contracts.Validation.ValidationResult Api.Controllers.ItemEstoque.UpdateItemEstoque.UpdateItemEstoqueRequestValidator::Validate(Api.Controllers.ItemEstoque.UpdateItemEstoque.UpdateItemEstoqueRequest)
FNDA:0,Api.Contracts.Validation.ValidationResult Api.Controllers.ItemEstoque.UpdateItemEstoque.UpdateItemEstoqueRequestValidator::Validate(Api.Controllers.ItemEstoque.UpdateItemEstoque.UpdateItemEstoqueRequest)
DA:9,0
DA:10,0
DA:12,0
DA:13,0
DA:14,0
DA:15,0
DA:17,0
DA:18,0
DA:19,0
DA:20,0
DA:22,0
DA:23,0
DA:24,0
DA:25,0
DA:27,0
DA:28,0
DA:29,0
DA:30,0
DA:32,0
DA:33,0
DA:34,0
DA:35,0
DA:37,0
DA:38,0
DA:39,0
DA:40,0
DA:42,0
DA:43,0
BRDA:12,20,0,0
BRDA:12,20,1,0
BRDA:17,72,0,0
BRDA:17,72,1,0
BRDA:22,106,0,0
BRDA:22,106,1,0
BRDA:27,160,0,0
BRDA:27,160,1,0
BRDA:32,201,0,0
BRDA:32,201,1,0
BRDA:37,242,0,0
BRDA:37,242,1,0
LF:28
LH:0
BRF:12
BRH:0
FNF:1
FNH:0
end_of_record
SF:https://raw.githubusercontent.com/victorS7P/tech-challenge-1/c659c2071b2c52420266ef1b2e1ec458b1ff9a3d/src/Api/Controllers/ItemEstoque/CreateItemEstoque/CreateItemEstoqueRequestValidator.cs
FN:8,Api.Contracts.Validation.ValidationResult Api.Controllers.ItemEstoque.CreateItemEstoque.CreateItemEstoqueRequestValidator::Validate(Api.Controllers.ItemEstoque.CreateItemEstoque.CreateItemEstoqueRequest)
FNDA:0,Api.Contracts.Validation.ValidationResult Api.Controllers.ItemEstoque.CreateItemEstoque.CreateItemEstoqueRequestValidator::Validate(Api.Controllers.ItemEstoque.CreateItemEstoque.CreateItemEstoqueRequest)
DA:9,0
DA:10,0
DA:12,0
DA:13,0
DA:14,0
DA:15,0
DA:17,0
DA:18,0
DA:19,0
DA:20,0
DA:22,0
DA:23,0
DA:24,0
DA:25,0
DA:27,0
DA:28,0
DA:29,0
DA:30,0
DA:32,0
DA:33,0
DA:34,0
DA:35,0
DA:37,0
DA:38,0
DA:39,0
DA:40,0
DA:42,0
DA:43,0
BRDA:12,20,0,0
BRDA:12,20,1,0
BRDA:17,72,0,0
BRDA:17,72,1,0
BRDA:22,106,0,0
BRDA:22,106,1,0
BRDA:27,160,0,0
BRDA:27,160,1,0
BRDA:32,201,0,0
BRDA:32,201,1,0
BRDA:37,242,0,0
BRDA:37,242,1,0
LF:28
LH:0
BRF:12
BRH:0
FNF:1
FNH:0
end_of_record
SF:https://raw.githubusercontent.com/victorS7P/tech-challenge-1/c659c2071b2c52420266ef1b2e1ec458b1ff9a3d/src/Api/Controllers/Cliente/ClienteController.cs
FN:15,System.Void Api.Controllers.Cliente.ClienteController::.ctor(MediatR.IMediator,Api.Contracts.Validation.IValidator`1<Api.Controllers.Cliente.CreateCliente.CreateClienteRequest>,Api.Contracts.Validation.IValidator`1<Api.Controllers.Cliente.UpdateCliente.UpdateClienteRequest>)
FNDA:9,System.Void Api.Controllers.Cliente.ClienteController::.ctor(MediatR.IMediator,Api.Contracts.Validation.IValidator`1<Api.Controllers.Cliente.CreateCliente.CreateClienteRequest>,Api.Contracts.Validation.IValidator`1<Api.Controllers.Cliente.UpdateCliente.UpdateClienteRequest>)
DA:16,9
DA:17,9
DA:18,9
DA:19,9
LF:4
LH:4
BRF:0
BRH:0
FNF:1
FNH:1
end_of_record
SF:https://raw.githubusercontent.com/victorS7P/tech-challenge-1/c659c2071b2c52420266ef1b2e1ec458b1ff9a3d/src/Api/Controllers/Cliente/UpdateCliente/UpdateClienteRequestValidator.cs
FN:9,Api.Contracts.Validation.ValidationResult Api.Controllers.Cliente.UpdateCliente.UpdateClienteRequestValidator::Validate(Api.Controllers.Cliente.UpdateCliente.UpdateClienteRequest)
FNDA:4,Api.Contracts.Validation.ValidationResult Api.Controllers.Cliente.UpdateCliente.UpdateClienteRequestValidator::Validate(Api.Controllers.Cliente.UpdateCliente.UpdateClienteRequest)
DA:10,4
DA:11,4
DA:13,4
DA:14,0
DA:15,0
DA:16,0
DA:18,4
DA:19,0
DA:20,0
DA:21,0
DA:24,4
DA:25,1
DA:26,1
DA:27,1
DA:29,3
DA:30,3
DA:31,3
DA:33,3
DA:36,2
DA:37,2
DA:38,1
DA:39,1
DA:40,1
DA:42,2
DA:45,1
DA:46,1
DA:47,1
DA:48,1
DA:49,1
DA:51,1
DA:54,3
DA:56,4
DA:57,4
BRDA:13,20,0,0
BRDA:13,20,1,4
BRDA:18,72,0,0
BRDA:18,72,1,4
BRDA:24,106,0,1
BRDA:24,106,1,3
BRDA:33,204,0,1
BRDA:33,204,1,2
BRDA:37,230,0,1
BRDA:33,211,1,1
BRDA:46,268,0,1
BRDA:33,211,0,3
BRDA:37,230,1,3
BRDA:46,268,1,3
LF:33
LH:27
BRF:14
BRH:12
FNF:1
FNH:1
end_of_record
SF:https://raw.githubusercontent.com/victorS7P/tech-challenge-1/c659c2071b2c52420266ef1b2e1ec458b1ff9a3d/src/Api/Controllers/Cliente/CreateCliente/CreateClienteRequestValidator.cs
FN:9,Api.Contracts.Validation.ValidationResult Api.Controllers.Cliente.CreateCliente.CreateClienteRequestValidator::Validate(Api.Controllers.Cliente.CreateCliente.CreateClienteRequest)
FNDA:6,Api.Contracts.Validation.ValidationResult Api.Controllers.Cliente.CreateCliente.CreateClienteRequestValidator::Validate(Api.Controllers.Cliente.CreateCliente.CreateClienteRequest)
DA:10,6
DA:11,6
DA:13,6
DA:14,1
DA:15,1
DA:16,1
DA:18,6
DA:19,1
DA:20,1
DA:21,1
DA:23,6
DA:24,1
DA:25,1
DA:26,1
DA:28,5
DA:29,5
DA:30,5
DA:32,5
DA:35,3
DA:36,3
DA:37,1
DA:38,1
DA:39,1
DA:41,3
DA:44,1
DA:45,1
DA:46,1
DA:47,1
DA:48,1
DA:50,1
DA:53,5
DA:55,6
DA:56,6
BRDA:13,20,0,1
BRDA:13,20,1,6
BRDA:18,72,0,1
BRDA:18,72,1,6
BRDA:23,106,0,1
BRDA:23,106,1,5
BRDA:32,204,0,2
BRDA:32,204,1,3
BRDA:36,230,0,1
BRDA:32,211,1,1
BRDA:45,268,0,1
BRDA:32,211,0,5
BRDA:36,230,1,5
BRDA:45,268,1,5
LF:33
LH:33
BRF:14
BRH:14
FNF:1
FNH:1
end_of_record
SF:https://raw.githubusercontent.com/victorS7P/tech-challenge-1/c659c2071b2c52420266ef1b2e1ec458b1ff9a3d/src/Api/Controllers/Auth/AuthController.cs
FN:10,System.Void Api.Controllers.Auth.AuthController::.ctor(MediatR.IMediator,Api.Contracts.Validation.IValidator`1<Api.Controllers.Auth.Login.LoginRequest>)
FNDA:3,System.Void Api.Controllers.Auth.AuthController::.ctor(MediatR.IMediator,Api.Contracts.Validation.IValidator`1<Api.Controllers.Auth.Login.LoginRequest>)
DA:11,3
LF:1
LH:1
BRF:0
BRH:0
FNF:1
FNH:1
end_of_record
SF:https://raw.githubusercontent.com/victorS7P/tech-challenge-1/c659c2071b2c52420266ef1b2e1ec458b1ff9a3d/src/Api/Controllers/Auth/Login/LoginRequestValidator.cs
FN:7,Api.Contracts.Validation.ValidationResult Api.Controllers.Auth.Login.LoginRequestValidator::Validate(Api.Controllers.Auth.Login.LoginRequest)
FNDA:7,Api.Contracts.Validation.ValidationResult Api.Controllers.Auth.Login.LoginRequestValidator::Validate(Api.Controllers.Auth.Login.LoginRequest)
DA:8,7
DA:9,7
DA:11,7
DA:12,3
DA:13,3
DA:14,3
DA:16,7
DA:17,3
DA:18,3
DA:19,3
DA:21,7
DA:22,7
BRDA:11,20,0,3
BRDA:11,20,1,7
BRDA:16,54,0,3
BRDA:16,54,1,7
LF:12
LH:12
BRF:4
BRH:4
FNF:1
FNH:1
end_of_record
SF:https://raw.githubusercontent.com/victorS7P/tech-challenge-1/c659c2071b2c52420266ef1b2e1ec458b1ff9a3d/src/Api/Contracts/Validation/ValidationResult.cs
FN:4,System.Boolean Api.Contracts.Validation.ValidationResult::get_IsValid()
FNDA:44,System.Boolean Api.Contracts.Validation.ValidationResult::get_IsValid()
DA:5,44
LF:1
LH:1
BRF:0
BRH:0
FNF:1
FNH:1
end_of_record
SF:https://raw.githubusercontent.com/victorS7P/tech-challenge-1/c659c2071b2c52420266ef1b2e1ec458b1ff9a3d/src/Infrastructure/Services/JwtService.cs
FN:16,System.String Infrastructure.Services.JwtService::GenerateToken(System.String,System.String,System.Int32)
FNDA:1,System.String Infrastructure.Services.JwtService::GenerateToken(System.String,System.String,System.Int32)
DA:17,1
DA:18,1
DA:19,1
DA:20,1
DA:21,1
DA:22,1
DA:23,1
DA:24,1
DA:25,1
DA:26,1
DA:27,1
DA:28,1
DA:29,1
DA:30,1
DA:31,1
DA:32,1
DA:33,1
DA:34,1
FN:11,System.Void Infrastructure.Services.JwtService::.ctor(Microsoft.Extensions.Configuration.IConfiguration)
FNDA:1,System.Void Infrastructure.Services.JwtService::.ctor(Microsoft.Extensions.Configuration.IConfiguration)
DA:12,1
DA:13,1
DA:14,1
BRDA:12,13,0,0
BRDA:12,13,1,1
BRDA:13,39,0,0
BRDA:13,39,1,1
BRDA:14,65,0,0
BRDA:14,65,1,1
LF:21
LH:21
BRF:6
BRH:3
FNF:2
FNH:2
end_of_record
SF:https://raw.githubusercontent.com/victorS7P/tech-challenge-1/c659c2071b2c52420266ef1b2e1ec458b1ff9a3d/src/Infrastructure/Services/PasswordHasher.cs
FN:8,System.String Infrastructure.Services.PasswordHasher::HashPassword(System.String)
FNDA:25,System.String Infrastructure.Services.PasswordHasher::HashPassword(System.String)
DA:9,25
DA:10,25
DA:11,25
DA:12,25
DA:13,25
DA:14,25
LF:6
LH:6
BRF:0
BRH:0
FNF:1
FNH:1
end_of_record
SF:https://raw.githubusercontent.com/victorS7P/tech-challenge-1/c659c2071b2c52420266ef1b2e1ec458b1ff9a3d/src/Infrastructure/Database/Migrations/20260504031820_InitialCreate.cs
FN:12,System.Void Infrastructure.Migrations.InitialCreate::Up(Microsoft.EntityFrameworkCore.Migrations.MigrationBuilder)
FNDA:0,System.Void Infrastructure.Migrations.InitialCreate::Up(Microsoft.EntityFrameworkCore.Migrations.MigrationBuilder)
DA:13,0
DA:14,0
DA:15,0
DA:16,0
DA:17,0
DA:18,0
DA:19,0
DA:20,0
DA:21,0
DA:22,0
DA:23,0
DA:24,0
DA:25,0
DA:26,0
DA:27,0
DA:29,0
DA:30,0
DA:31,0
DA:32,0
DA:33,0
FN:36,System.Void Infrastructure.Migrations.InitialCreate::Down(Microsoft.EntityFrameworkCore.Migrations.MigrationBuilder)
FNDA:0,System.Void Infrastructure.Migrations.InitialCreate::Down(Microsoft.EntityFrameworkCore.Migrations.MigrationBuilder)
DA:37,0
DA:38,0
DA:39,0
DA:40,0
LF:24
LH:0
BRF:0
BRH:0
FNF:2
FNH:0
end_of_record
SF:https://raw.githubusercontent.com/victorS7P/tech-challenge-1/c659c2071b2c52420266ef1b2e1ec458b1ff9a3d/src/Infrastructure/Database/Migrations/20260504031820_InitialCreate.Designer.cs
FN:19,System.Void Infrastructure.Migrations.InitialCreate::BuildTargetModel(Microsoft.EntityFrameworkCore.ModelBuilder)
FNDA:0,System.Void Infrastructure.Migrations.InitialCreate::BuildTargetModel(Microsoft.EntityFrameworkCore.ModelBuilder)
DA:20,0
DA:22,0
DA:23,0
DA:24,0
DA:26,0
DA:28,0
DA:29,0
DA:30,0
DA:31,0
DA:32,0
DA:33,0
DA:34,0
DA:35,0
DA:36,0
DA:37,0
DA:38,0
DA:39,0
DA:40,0
DA:41,0
DA:42,0
DA:43,0
DA:44,0
DA:45,0
DA:46,0
DA:47,0
DA:48,0
DA:49,0
DA:50,0
DA:51,0
DA:52,0
DA:53,0
DA:54,0
DA:55,0
DA:56,0
DA:57,0
DA:58,0
DA:59,0
DA:61,0
LF:38
LH:0
BRF:0
BRH:0
FNF:1
FNH:0
end_of_record
SF:https://raw.githubusercontent.com/victorS7P/tech-challenge-1/c659c2071b2c52420266ef1b2e1ec458b1ff9a3d/src/Infrastructure/Database/Migrations/20260505061253_CreateClienteTable.cs
FN:12,System.Void Infrastructure.Migrations.CreateClienteTable::Up(Microsoft.EntityFrameworkCore.Migrations.MigrationBuilder)
FNDA:0,System.Void Infrastructure.Migrations.CreateClienteTable::Up(Microsoft.EntityFrameworkCore.Migrations.MigrationBuilder)
DA:13,0
DA:14,0
DA:15,0
DA:16,0
DA:17,0
DA:18,0
DA:19,0
DA:20,0
DA:21,0
DA:22,0
DA:23,0
DA:24,0
DA:25,0
DA:26,0
DA:27,0
DA:28,0
FN:31,System.Void Infrastructure.Migrations.CreateClienteTable::Down(Microsoft.EntityFrameworkCore.Migrations.MigrationBuilder)
FNDA:0,System.Void Infrastructure.Migrations.CreateClienteTable::Down(Microsoft.EntityFrameworkCore.Migrations.MigrationBuilder)
DA:32,0
DA:33,0
DA:34,0
DA:35,0
LF:20
LH:0
BRF:0
BRH:0
FNF:2
FNH:0
end_of_record
SF:https://raw.githubusercontent.com/victorS7P/tech-challenge-1/c659c2071b2c52420266ef1b2e1ec458b1ff9a3d/src/Infrastructure/Database/Migrations/20260505061253_CreateClienteTable.Designer.cs
FN:18,System.Void Infrastructure.Migrations.CreateClienteTable::BuildTargetModel(Microsoft.EntityFrameworkCore.ModelBuilder)
FNDA:0,System.Void Infrastructure.Migrations.CreateClienteTable::BuildTargetModel(Microsoft.EntityFrameworkCore.ModelBuilder)
DA:19,0
DA:21,0
DA:22,0
DA:23,0
DA:25,0
DA:27,0
DA:28,0
DA:29,0
DA:30,0
DA:31,0
DA:32,0
DA:33,0
DA:34,0
DA:35,0
DA:36,0
DA:37,0
DA:38,0
DA:39,0
DA:40,0
DA:41,0
DA:42,0
DA:43,0
DA:44,0
DA:45,0
DA:46,0
DA:47,0
DA:48,0
DA:49,0
DA:51,0
DA:52,0
DA:53,0
DA:54,0
DA:55,0
DA:56,0
DA:57,0
DA:58,0
DA:59,0
DA:60,0
DA:61,0
DA:62,0
DA:63,0
DA:64,0
DA:65,0
DA:66,0
DA:67,0
DA:68,0
DA:69,0
DA:70,0
DA:71,0
DA:72,0
DA:73,0
DA:74,0
DA:75,0
DA:76,0
DA:77,0
DA:78,0
DA:79,0
DA:80,0
DA:81,0
DA:82,0
DA:84,0
LF:61
LH:0
BRF:0
BRH:0
FNF:1
FNH:0
end_of_record
SF:https://raw.githubusercontent.com/victorS7P/tech-challenge-1/c659c2071b2c52420266ef1b2e1ec458b1ff9a3d/src/Infrastructure/Database/Migrations/20260506052111_AddUniqueIndexToDocumentoRequired.cs
FN:11,System.Void Infrastructure.Migrations.AddUniqueIndexToDocumentoRequired::Up(Microsoft.EntityFrameworkCore.Migrations.MigrationBuilder)
FNDA:0,System.Void Infrastructure.Migrations.AddUniqueIndexToDocumentoRequired::Up(Microsoft.EntityFrameworkCore.Migrations.MigrationBuilder)
DA:12,0
DA:13,0
DA:14,0
DA:15,0
DA:16,0
DA:17,0
DA:18,0
DA:19,0
DA:20,0
DA:21,0
DA:22,0
FN:25,System.Void Infrastructure.Migrations.AddUniqueIndexToDocumentoRequired::Down(Microsoft.EntityFrameworkCore.Migrations.MigrationBuilder)
FNDA:0,System.Void Infrastructure.Migrations.AddUniqueIndexToDocumentoRequired::Down(Microsoft.EntityFrameworkCore.Migrations.MigrationBuilder)
DA:26,0
DA:27,0
DA:28,0
DA:29,0
DA:30,0
DA:31,0
DA:32,0
DA:33,0
DA:34,0
LF:20
LH:0
BRF:0
BRH:0
FNF:2
FNH:0
end_of_record
SF:https://raw.githubusercontent.com/victorS7P/tech-challenge-1/c659c2071b2c52420266ef1b2e1ec458b1ff9a3d/src/Infrastructure/Database/Migrations/20260506052111_AddUniqueIndexToDocumentoRequired.Designer.cs
FN:18,System.Void Infrastructure.Migrations.AddUniqueIndexToDocumentoRequired::BuildTargetModel(Microsoft.EntityFrameworkCore.ModelBuilder)
FNDA:0,System.Void Infrastructure.Migrations.AddUniqueIndexToDocumentoRequired::BuildTargetModel(Microsoft.EntityFrameworkCore.ModelBuilder)
DA:19,0
DA:21,0
DA:22,0
DA:23,0
DA:25,0
DA:27,0
DA:28,0
DA:29,0
DA:30,0
DA:31,0
DA:32,0
DA:33,0
DA:34,0
DA:35,0
DA:36,0
DA:37,0
DA:38,0
DA:39,0
DA:40,0
DA:41,0
DA:42,0
DA:43,0
DA:44,0
DA:45,0
DA:46,0
DA:47,0
DA:48,0
DA:49,0
DA:50,0
DA:51,0
DA:52,0
DA:54,0
DA:55,0
DA:56,0
DA:57,0
DA:58,0
DA:59,0
DA:60,0
DA:61,0
DA:62,0
DA:63,0
DA:64,0
DA:65,0
DA:66,0
DA:67,0
DA:68,0
DA:69,0
DA:70,0
DA:71,0
DA:72,0
DA:73,0
DA:74,0
DA:75,0
DA:76,0
DA:77,0
DA:78,0
DA:79,0
DA:80,0
DA:81,0
DA:82,0
DA:83,0
DA:84,0
DA:85,0
DA:87,0
LF:64
LH:0
BRF:0
BRH:0
FNF:1
FNH:0
end_of_record
SF:https://raw.githubusercontent.com/victorS7P/tech-challenge-1/c659c2071b2c52420266ef1b2e1ec458b1ff9a3d/src/Infrastructure/Database/Migrations/AppDbContextModelSnapshot.cs
FN:15,System.Void Infrastructure.Migrations.AppDbContextModelSnapshot::BuildModel(Microsoft.EntityFrameworkCore.ModelBuilder)
FNDA:0,System.Void Infrastructure.Migrations.AppDbContextModelSnapshot::BuildModel(Microsoft.EntityFrameworkCore.ModelBuilder)
DA:16,0
DA:18,0
DA:19,0
DA:20,0
DA:22,0
DA:24,0
DA:25,0
DA:26,0
DA:27,0
DA:28,0
DA:29,0
DA:30,0
DA:31,0
DA:32,0
DA:33,0
DA:34,0
DA:35,0
DA:36,0
DA:37,0
DA:38,0
DA:39,0
DA:40,0
DA:41,0
DA:42,0
DA:43,0
DA:44,0
DA:45,0
DA:46,0
DA:47,0
DA:48,0
DA:49,0
DA:51,0
DA:52,0
DA:53,0
DA:54,0
DA:55,0
DA:56,0
DA:57,0
DA:58,0
DA:59,0
DA:60,0
DA:61,0
DA:62,0
DA:63,0
DA:64,0
DA:65,0
DA:66,0
DA:67,0
DA:68,0
DA:69,0
DA:70,0
DA:71,0
DA:72,0
DA:73,0
DA:74,0
DA:75,0
DA:76,0
DA:77,0
DA:78,0
DA:79,0
DA:80,0
DA:81,0
DA:82,0
DA:83,0
DA:84,0
DA:85,0
DA:86,0
DA:87,0
DA:88,0
DA:89,0
DA:90,0
DA:91,0
DA:93,0
DA:94,0
DA:95,0
DA:96,0
DA:97,0
DA:98,0
DA:99,0
DA:100,0
DA:101,0
DA:102,0
DA:103,0
DA:104,0
DA:105,0
DA:106,0
DA:107,0
DA:108,0
DA:109,0
DA:110,0
DA:111,0
DA:112,0
DA:113,0
DA:114,0
DA:115,0
DA:116,0
DA:117,0
DA:118,0
DA:119,0
DA:120,0
DA:121,0
DA:122,0
DA:124,0
DA:125,0
DA:126,0
DA:127,0
DA:128,0
DA:129,0
DA:130,0
DA:131,0
DA:132,0
DA:133,0
DA:134,0
DA:135,0
DA:136,0
DA:137,0
DA:138,0
DA:139,0
DA:140,0
DA:141,0
DA:142,0
DA:143,0
DA:144,0
DA:145,0
DA:146,0
DA:147,0
DA:148,0
DA:149,0
DA:150,0
DA:151,0
DA:152,0
DA:153,0
DA:154,0
DA:155,0
DA:157,0
DA:158,0
DA:159,0
DA:160,0
DA:161,0
DA:162,0
DA:163,0
DA:164,0
DA:165,0
DA:166,0
DA:167,0
DA:168,0
DA:169,0
DA:170,0
DA:171,0
DA:172,0
DA:173,0
DA:174,0
DA:175,0
DA:176,0
DA:177,0
DA:178,0
DA:179,0
DA:180,0
DA:181,0
DA:182,0
DA:183,0
DA:184,0
DA:185,0
DA:186,0
DA:187,0
DA:188,0
DA:190,0
DA:191,0
DA:192,0
DA:193,0
DA:194,0
DA:195,0
DA:196,0
DA:197,0
DA:198,0
DA:199,0
DA:200,0
DA:201,0
DA:202,0
DA:203,0
DA:205,0
DA:206,0
DA:207,0
DA:208,0
DA:209,0
DA:210,0
DA:211,0
DA:212,0
DA:213,0
DA:214,0
DA:216,0
DA:217,0
DA:218,0
DA:219,0
DA:220,0
DA:221,0
DA:222,0
DA:223,0
DA:224,0
DA:225,0
DA:226,0
DA:227,0
DA:228,0
DA:229,0
DA:231,0
LF:205
LH:0
BRF:0
BRH:0
FNF:1
FNH:0
end_of_record
SF:https://raw.githubusercontent.com/victorS7P/tech-challenge-1/c659c2071b2c52420266ef1b2e1ec458b1ff9a3d/src/Infrastructure/Database/AppDbContext.cs
FN:16,System.Void Infrastructure.Database.AppDbContext::OnModelCreating(Microsoft.EntityFrameworkCore.ModelBuilder)
FNDA:1,System.Void Infrastructure.Database.AppDbContext::OnModelCreating(Microsoft.EntityFrameworkCore.ModelBuilder)
DA:17,1
DA:18,1
DA:20,1
DA:21,1
DA:23,1
DA:24,1
DA:25,1
DA:26,1
DA:27,1
DA:28,1
DA:29,1
DA:30,1
DA:31,1
DA:33,1
DA:34,1
DA:35,1
DA:36,1
DA:37,1
DA:38,1
DA:39,1
DA:40,1
DA:41,1
DA:42,1
DA:43,1
DA:44,1
DA:45,1
DA:47,1
DA:48,1
DA:49,1
DA:50,1
DA:51,1
DA:52,1
DA:54,1
DA:55,1
DA:56,1
DA:57,1
DA:58,1
DA:59,1
DA:60,1
DA:61,1
DA:62,1
DA:63,1
FN:7,System.Void Infrastructure.Database.AppDbContext::.ctor(Microsoft.EntityFrameworkCore.DbContextOptions`1<Infrastructure.Database.AppDbContext>)
FNDA:13,System.Void Infrastructure.Database.AppDbContext::.ctor(Microsoft.EntityFrameworkCore.DbContextOptions`1<Infrastructure.Database.AppDbContext>)
DA:8,13
LF:43
LH:43
BRF:0
BRH:0
FNF:2
FNH:2
end_of_record
SF:https://raw.githubusercontent.com/victorS7P/tech-challenge-1/c659c2071b2c52420266ef1b2e1ec458b1ff9a3d/src/Infrastructure/Database/Migrations/20260506063407_CreateVeiculoTable.cs
FN:12,System.Void Infrastructure.Database.Migrations.CreateVeiculoTable::Up(Microsoft.EntityFrameworkCore.Migrations.MigrationBuilder)
FNDA:0,System.Void Infrastructure.Database.Migrations.CreateVeiculoTable::Up(Microsoft.EntityFrameworkCore.Migrations.MigrationBuilder)
DA:13,0
DA:14,0
DA:15,0
DA:16,0
DA:17,0
DA:18,0
DA:19,0
DA:20,0
DA:21,0
DA:22,0
DA:23,0
DA:24,0
DA:25,0
DA:26,0
DA:27,0
DA:28,0
DA:29,0
DA:30,0
DA:31,0
DA:32,0
DA:33,0
DA:34,0
DA:36,0
DA:37,0
DA:38,0
DA:39,0
DA:41,0
DA:42,0
DA:43,0
DA:44,0
DA:45,0
DA:46,0
FN:49,System.Void Infrastructure.Database.Migrations.CreateVeiculoTable::Down(Microsoft.EntityFrameworkCore.Migrations.MigrationBuilder)
FNDA:0,System.Void Infrastructure.Database.Migrations.CreateVeiculoTable::Down(Microsoft.EntityFrameworkCore.Migrations.MigrationBuilder)
DA:50,0
DA:51,0
DA:52,0
DA:53,0
LF:36
LH:0
BRF:0
BRH:0
FNF:2
FNH:0
end_of_record
SF:https://raw.githubusercontent.com/victorS7P/tech-challenge-1/c659c2071b2c52420266ef1b2e1ec458b1ff9a3d/src/Infrastructure/Database/Migrations/20260506063407_CreateVeiculoTable.Designer.cs
FN:18,System.Void Infrastructure.Database.Migrations.CreateVeiculoTable::BuildTargetModel(Microsoft.EntityFrameworkCore.ModelBuilder)
FNDA:0,System.Void Infrastructure.Database.Migrations.CreateVeiculoTable::BuildTargetModel(Microsoft.EntityFrameworkCore.ModelBuilder)
DA:19,0
DA:21,0
DA:22,0
DA:23,0
DA:25,0
DA:27,0
DA:28,0
DA:29,0
DA:30,0
DA:31,0
DA:32,0
DA:33,0
DA:34,0
DA:35,0
DA:36,0
DA:37,0
DA:38,0
DA:39,0
DA:40,0
DA:41,0
DA:42,0
DA:43,0
DA:44,0
DA:45,0
DA:46,0
DA:47,0
DA:48,0
DA:49,0
DA:50,0
DA:51,0
DA:52,0
DA:54,0
DA:55,0
DA:56,0
DA:57,0
DA:58,0
DA:59,0
DA:60,0
DA:61,0
DA:62,0
DA:63,0
DA:64,0
DA:65,0
DA:66,0
DA:67,0
DA:68,0
DA:69,0
DA:70,0
DA:71,0
DA:72,0
DA:73,0
DA:74,0
DA:75,0
DA:76,0
DA:77,0
DA:78,0
DA:79,0
DA:80,0
DA:81,0
DA:82,0
DA:83,0
DA:84,0
DA:85,0
DA:87,0
DA:88,0
DA:89,0
DA:90,0
DA:91,0
DA:92,0
DA:93,0
DA:94,0
DA:95,0
DA:96,0
DA:97,0
DA:98,0
DA:99,0
DA:100,0
DA:101,0
DA:102,0
DA:103,0
DA:104,0
DA:105,0
DA:106,0
DA:107,0
DA:108,0
DA:109,0
DA:110,0
DA:111,0
DA:112,0
DA:113,0
DA:114,0
DA:115,0
DA:116,0
DA:117,0
DA:118,0
DA:120,0
DA:121,0
DA:122,0
DA:123,0
DA:124,0
DA:125,0
DA:126,0
DA:127,0
DA:128,0
DA:129,0
DA:131,0
LF:106
LH:0
BRF:0
BRH:0
FNF:1
FNH:0
end_of_record
SF:https://raw.githubusercontent.com/victorS7P/tech-challenge-1/c659c2071b2c52420266ef1b2e1ec458b1ff9a3d/src/Infrastructure/Database/Migrations/20260506215604_CreateServicoTable.cs
FN:12,System.Void Infrastructure.Database.Migrations.CreateServicoTable::Up(Microsoft.EntityFrameworkCore.Migrations.MigrationBuilder)
FNDA:0,System.Void Infrastructure.Database.Migrations.CreateServicoTable::Up(Microsoft.EntityFrameworkCore.Migrations.MigrationBuilder)
DA:13,0
DA:14,0
DA:15,0
DA:16,0
DA:17,0
DA:18,0
DA:19,0
DA:20,0
DA:21,0
DA:22,0
DA:23,0
DA:24,0
DA:25,0
DA:26,0
DA:27,0
DA:28,0
DA:30,0
DA:31,0
DA:32,0
DA:33,0
DA:34,0
DA:35,0
FN:38,System.Void Infrastructure.Database.Migrations.CreateServicoTable::Down(Microsoft.EntityFrameworkCore.Migrations.MigrationBuilder)
FNDA:0,System.Void Infrastructure.Database.Migrations.CreateServicoTable::Down(Microsoft.EntityFrameworkCore.Migrations.MigrationBuilder)
DA:39,0
DA:40,0
DA:41,0
DA:42,0
LF:26
LH:0
BRF:0
BRH:0
FNF:2
FNH:0
end_of_record
SF:https://raw.githubusercontent.com/victorS7P/tech-challenge-1/c659c2071b2c52420266ef1b2e1ec458b1ff9a3d/src/Infrastructure/Database/Migrations/20260506215604_CreateServicoTable.Designer.cs
FN:18,System.Void Infrastructure.Database.Migrations.CreateServicoTable::BuildTargetModel(Microsoft.EntityFrameworkCore.ModelBuilder)
FNDA:0,System.Void Infrastructure.Database.Migrations.CreateServicoTable::BuildTargetModel(Microsoft.EntityFrameworkCore.ModelBuilder)
DA:19,0
DA:21,0
DA:22,0
DA:23,0
DA:25,0
DA:27,0
DA:28,0
DA:29,0
DA:30,0
DA:31,0
DA:32,0
DA:33,0
DA:34,0
DA:35,0
DA:36,0
DA:37,0
DA:38,0
DA:39,0
DA:40,0
DA:41,0
DA:42,0
DA:43,0
DA:44,0
DA:45,0
DA:46,0
DA:47,0
DA:48,0
DA:49,0
DA:50,0
DA:51,0
DA:52,0
DA:54,0
DA:55,0
DA:56,0
DA:57,0
DA:58,0
DA:59,0
DA:60,0
DA:61,0
DA:62,0
DA:63,0
DA:64,0
DA:65,0
DA:66,0
DA:67,0
DA:68,0
DA:69,0
DA:70,0
DA:71,0
DA:72,0
DA:73,0
DA:74,0
DA:75,0
DA:76,0
DA:77,0
DA:78,0
DA:79,0
DA:80,0
DA:81,0
DA:82,0
DA:83,0
DA:85,0
DA:86,0
DA:87,0
DA:88,0
DA:89,0
DA:90,0
DA:91,0
DA:92,0
DA:93,0
DA:94,0
DA:95,0
DA:96,0
DA:97,0
DA:98,0
DA:99,0
DA:100,0
DA:101,0
DA:102,0
DA:103,0
DA:104,0
DA:105,0
DA:106,0
DA:107,0
DA:108,0
DA:109,0
DA:110,0
DA:111,0
DA:112,0
DA:113,0
DA:114,0
DA:115,0
DA:116,0
DA:118,0
DA:119,0
DA:120,0
DA:121,0
DA:122,0
DA:123,0
DA:124,0
DA:125,0
DA:126,0
DA:127,0
DA:128,0
DA:129,0
DA:130,0
DA:131,0
DA:132,0
DA:133,0
DA:134,0
DA:135,0
DA:136,0
DA:137,0
DA:138,0
DA:139,0
DA:140,0
DA:141,0
DA:142,0
DA:143,0
DA:144,0
DA:145,0
DA:146,0
DA:147,0
DA:148,0
DA:149,0
DA:151,0
DA:152,0
DA:153,0
DA:154,0
DA:155,0
DA:156,0
DA:157,0
DA:158,0
DA:159,0
DA:160,0
DA:162,0
LF:136
LH:0
BRF:0
BRH:0
FNF:1
FNH:0
end_of_record
SF:https://raw.githubusercontent.com/victorS7P/tech-challenge-1/c659c2071b2c52420266ef1b2e1ec458b1ff9a3d/src/Infrastructure/Database/Migrations/20260506230227_CreateItemEstoqueTable.cs
FN:12,System.Void Infrastructure.Database.Migrations.CreateItemEstoqueTable::Up(Microsoft.EntityFrameworkCore.Migrations.MigrationBuilder)
FNDA:0,System.Void Infrastructure.Database.Migrations.CreateItemEstoqueTable::Up(Microsoft.EntityFrameworkCore.Migrations.MigrationBuilder)
DA:13,0
DA:14,0
DA:15,0
DA:16,0
DA:17,0
DA:18,0
DA:19,0
DA:20,0
DA:21,0
DA:22,0
DA:23,0
DA:24,0
DA:25,0
DA:26,0
DA:27,0
DA:28,0
DA:29,0
DA:30,0
DA:31,0
DA:33,0
DA:34,0
DA:35,0
DA:36,0
DA:37,0
DA:38,0
DA:39,0
DA:40,0
DA:41,0
DA:42,0
DA:43,0
DA:44,0
DA:45,0
DA:46,0
DA:47,0
DA:48,0
DA:49,0
DA:50,0
DA:51,0
DA:52,0
DA:53,0
DA:54,0
DA:55,0
DA:57,0
DA:58,0
DA:59,0
DA:60,0
DA:61,0
DA:63,0
DA:64,0
DA:65,0
DA:66,0
DA:67,0
FN:70,System.Void Infrastructure.Database.Migrations.CreateItemEstoqueTable::Down(Microsoft.EntityFrameworkCore.Migrations.MigrationBuilder)
FNDA:0,System.Void Infrastructure.Database.Migrations.CreateItemEstoqueTable::Down(Microsoft.EntityFrameworkCore.Migrations.MigrationBuilder)
DA:71,0
DA:72,0
DA:73,0
DA:75,0
DA:76,0
DA:77,0
LF:58
LH:0
BRF:0
BRH:0
FNF:2
FNH:0
end_of_record
SF:https://raw.githubusercontent.com/victorS7P/tech-challenge-1/c659c2071b2c52420266ef1b2e1ec458b1ff9a3d/src/Infrastructure/Database/Migrations/20260506230227_CreateItemEstoqueTable.Designer.cs
FN:18,System.Void Infrastructure.Database.Migrations.CreateItemEstoqueTable::BuildTargetModel(Microsoft.EntityFrameworkCore.ModelBuilder)
FNDA:0,System.Void Infrastructure.Database.Migrations.CreateItemEstoqueTable::BuildTargetModel(Microsoft.EntityFrameworkCore.ModelBuilder)
DA:19,0
DA:21,0
DA:22,0
DA:23,0
DA:25,0
DA:27,0
DA:28,0
DA:29,0
DA:30,0
DA:31,0
DA:32,0
DA:33,0
DA:34,0
DA:35,0
DA:36,0
DA:37,0
DA:38,0
DA:39,0
DA:40,0
DA:41,0
DA:42,0
DA:43,0
DA:44,0
DA:45,0
DA:46,0
DA:47,0
DA:48,0
DA:49,0
DA:50,0
DA:51,0
DA:52,0
DA:54,0
DA:55,0
DA:56,0
DA:57,0
DA:58,0
DA:59,0
DA:60,0
DA:61,0
DA:62,0
DA:63,0
DA:64,0
DA:65,0
DA:66,0
DA:67,0
DA:68,0
DA:69,0
DA:70,0
DA:71,0
DA:72,0
DA:73,0
DA:74,0
DA:75,0
DA:76,0
DA:77,0
DA:78,0
DA:79,0
DA:80,0
DA:81,0
DA:82,0
DA:83,0
DA:84,0
DA:85,0
DA:86,0
DA:87,0
DA:88,0
DA:89,0
DA:90,0
DA:91,0
DA:92,0
DA:93,0
DA:94,0
DA:96,0
DA:97,0
DA:98,0
DA:99,0
DA:100,0
DA:101,0
DA:102,0
DA:103,0
DA:104,0
DA:105,0
DA:106,0
DA:107,0
DA:108,0
DA:109,0
DA:110,0
DA:111,0
DA:112,0
DA:113,0
DA:114,0
DA:115,0
DA:116,0
DA:117,0
DA:118,0
DA:119,0
DA:120,0
DA:121,0
DA:122,0
DA:123,0
DA:124,0
DA:125,0
DA:127,0
DA:128,0
DA:129,0
DA:130,0
DA:131,0
DA:132,0
DA:133,0
DA:134,0
DA:135,0
DA:136,0
DA:137,0
DA:138,0
DA:139,0
DA:140,0
DA:141,0
DA:142,0
DA:143,0
DA:144,0
DA:145,0
DA:146,0
DA:147,0
DA:148,0
DA:149,0
DA:150,0
DA:151,0
DA:152,0
DA:153,0
DA:154,0
DA:155,0
DA:156,0
DA:157,0
DA:158,0
DA:160,0
DA:161,0
DA:162,0
DA:163,0
DA:164,0
DA:165,0
DA:166,0
DA:167,0
DA:168,0
DA:169,0
DA:170,0
DA:171,0
DA:172,0
DA:173,0
DA:174,0
DA:175,0
DA:176,0
DA:177,0
DA:178,0
DA:179,0
DA:180,0
DA:181,0
DA:182,0
DA:183,0
DA:184,0
DA:185,0
DA:186,0
DA:187,0
DA:188,0
DA:189,0
DA:190,0
DA:191,0
DA:193,0
DA:194,0
DA:195,0
DA:196,0
DA:197,0
DA:198,0
DA:199,0
DA:200,0
DA:201,0
DA:202,0
DA:203,0
DA:204,0
DA:205,0
DA:206,0
DA:208,0
DA:209,0
DA:210,0
DA:211,0
DA:212,0
DA:213,0
DA:214,0
DA:215,0
DA:216,0
DA:217,0
DA:219,0
DA:220,0
DA:221,0
DA:222,0
DA:223,0
DA:224,0
DA:225,0
DA:226,0
DA:227,0
DA:228,0
DA:229,0
DA:230,0
DA:231,0
DA:232,0
DA:234,0
LF:205
LH:0
BRF:0
BRH:0
FNF:1
FNH:0
end_of_record